<?xml version="1.0" encoding="UTF-8"?>
<!-- Generated by org.testng.reporters.JUnitReportReporter -->
<testsuite skipped="0" hostname="ASEN-L-AmitK" name="webapp_test.Test_Run" tests="2" failures="0" timestamp="23 Jul 2018 17:03:14 GMT" time="131.121" errors="0">
  <testcase name="Register_Testcase" time="42.716" classname="webapp_test.Test_Run"/>
  <testcase name="Login_Testcase" time="88.405" classname="webapp_test.Test_Run"/>
</testsuite> <!-- webapp_test.Test_Run -->
